01:31:37.576 [main] INFO  testCases.TC001_AccountRegistrationTest.accountRegister(TC001_AccountRegistrationTest.java:13)oggger - Starting TC001_AccountRegistrationTest ....
01:31:37.591 [main] INFO  testCases.TC001_AccountRegistrationTest.accountRegister(TC001_AccountRegistrationTest.java:16)oggger - Clicked on Account
01:31:37.746 [main] INFO  testCases.TC001_AccountRegistrationTest.accountRegister(TC001_AccountRegistrationTest.java:18)oggger - Clicked on Register
01:31:38.682 [main] INFO  testCases.TC001_AccountRegistrationTest.accountRegister(TC001_AccountRegistrationTest.java:21)oggger - Write User Details
01:31:41.573 [main] INFO  testCases.TC001_AccountRegistrationTest.accountRegister(TC001_AccountRegistrationTest.java:34)oggger - Validating Expected Message
01:31:41.664 [main] INFO  testCases.TC001_AccountRegistrationTest.accountRegister(TC001_AccountRegistrationTest.java:42)oggger - finished TC001_AccountRegistrationTest ....
01:36:45.081 [main] INFO  testCases.TC001_AccountRegistrationTest.accountRegister(TC001_AccountRegistrationTest.java:13)oggger - Starting TC001_AccountRegistrationTest ....
01:36:45.134 [main] INFO  testCases.TC001_AccountRegistrationTest.accountRegister(TC001_AccountRegistrationTest.java:16)oggger - Clicked on Account
01:36:45.310 [main] INFO  testCases.TC001_AccountRegistrationTest.accountRegister(TC001_AccountRegistrationTest.java:18)oggger - Clicked on Register
01:36:46.203 [main] INFO  testCases.TC001_AccountRegistrationTest.accountRegister(TC001_AccountRegistrationTest.java:21)oggger - Write User Details
01:36:48.606 [main] INFO  testCases.TC001_AccountRegistrationTest.accountRegister(TC001_AccountRegistrationTest.java:34)oggger - Validating Expected Message
01:36:48.678 [main] INFO  testCases.TC001_AccountRegistrationTest.accountRegister(TC001_AccountRegistrationTest.java:42)oggger - finished TC001_AccountRegistrationTest ....
01:37:36.650 [main] INFO  testCases.TC001_AccountRegistrationTest.accountRegister(TC001_AccountRegistrationTest.java:13)oggger - Starting TC001_AccountRegistrationTest ....
01:37:36.655 [main] INFO  testCases.TC001_AccountRegistrationTest.accountRegister(TC001_AccountRegistrationTest.java:16)oggger - Clicked on Account
01:37:37.166 [main] INFO  testCases.TC001_AccountRegistrationTest.accountRegister(TC001_AccountRegistrationTest.java:18)oggger - Clicked on Register
01:37:37.952 [main] INFO  testCases.TC001_AccountRegistrationTest.accountRegister(TC001_AccountRegistrationTest.java:21)oggger - Write User Details
01:37:40.114 [main] INFO  testCases.TC001_AccountRegistrationTest.accountRegister(TC001_AccountRegistrationTest.java:34)oggger - Validating Expected Message
01:39:47.661 [main] INFO  testCases.TC001_AccountRegistrationTest.accountRegister(TC001_AccountRegistrationTest.java:13)oggger - Starting TC001_AccountRegistrationTest ....
01:39:47.679 [main] INFO  testCases.TC001_AccountRegistrationTest.accountRegister(TC001_AccountRegistrationTest.java:16)oggger - Clicked on Account
01:39:48.352 [main] INFO  testCases.TC001_AccountRegistrationTest.accountRegister(TC001_AccountRegistrationTest.java:18)oggger - Clicked on Register
01:39:49.098 [main] INFO  testCases.TC001_AccountRegistrationTest.accountRegister(TC001_AccountRegistrationTest.java:21)oggger - Write User Details
01:39:51.505 [main] INFO  testCases.TC001_AccountRegistrationTest.accountRegister(TC001_AccountRegistrationTest.java:34)oggger - Validating Expected Message
01:42:51.560 [main] INFO  testCases.TC001_AccountRegistrationTest.accountRegister(TC001_AccountRegistrationTest.java:13)oggger - Starting TC001_AccountRegistrationTest ....
01:42:51.568 [main] INFO  testCases.TC001_AccountRegistrationTest.accountRegister(TC001_AccountRegistrationTest.java:16)oggger - Clicked on Account
01:42:52.417 [main] INFO  testCases.TC001_AccountRegistrationTest.accountRegister(TC001_AccountRegistrationTest.java:18)oggger - Clicked on Register
01:42:53.595 [main] INFO  testCases.TC001_AccountRegistrationTest.accountRegister(TC001_AccountRegistrationTest.java:21)oggger - Write User Details
01:42:56.389 [main] INFO  testCases.TC001_AccountRegistrationTest.accountRegister(TC001_AccountRegistrationTest.java:34)oggger - Validating Expected Message
02:16:12.906 [main] INFO  testCases.TC001_AccountRegistrationTest.accountRegister(TC001_AccountRegistrationTest.java:13)oggger - Starting TC001_AccountRegistrationTest ....
02:16:12.926 [main] INFO  testCases.TC001_AccountRegistrationTest.accountRegister(TC001_AccountRegistrationTest.java:16)oggger - Clicked on Account
02:16:13.228 [main] INFO  testCases.TC001_AccountRegistrationTest.accountRegister(TC001_AccountRegistrationTest.java:18)oggger - Clicked on Register
02:16:14.119 [main] INFO  testCases.TC001_AccountRegistrationTest.accountRegister(TC001_AccountRegistrationTest.java:21)oggger - Write User Details
02:16:16.663 [main] INFO  testCases.TC001_AccountRegistrationTest.accountRegister(TC001_AccountRegistrationTest.java:34)oggger - Validating Expected Message
02:16:16.769 [main] INFO  testCases.TC001_AccountRegistrationTest.accountRegister(TC001_AccountRegistrationTest.java:46)oggger - finished TC001_AccountRegistrationTest ....
02:18:05.900 [main] INFO  testCases.TC001_AccountRegistrationTest.accountRegister(TC001_AccountRegistrationTest.java:13)oggger - Starting TC001_AccountRegistrationTest ....
02:18:05.916 [main] INFO  testCases.TC001_AccountRegistrationTest.accountRegister(TC001_AccountRegistrationTest.java:16)oggger - Clicked on Account
02:18:06.703 [main] INFO  testCases.TC001_AccountRegistrationTest.accountRegister(TC001_AccountRegistrationTest.java:18)oggger - Clicked on Register
02:18:07.706 [main] INFO  testCases.TC001_AccountRegistrationTest.accountRegister(TC001_AccountRegistrationTest.java:21)oggger - Write User Details
02:18:10.072 [main] INFO  testCases.TC001_AccountRegistrationTest.accountRegister(TC001_AccountRegistrationTest.java:34)oggger - Validating Expected Message
02:18:10.159 [main] ERROR testCases.TC001_AccountRegistrationTest.accountRegister(TC001_AccountRegistrationTest.java:39)oggger - Test Failed ....
02:18:10.160 [main] DEBUG testCases.TC001_AccountRegistrationTest.accountRegister(TC001_AccountRegistrationTest.java:40)oggger - Debug ...
02:21:11.961 [main] INFO  testCases.TC001_AccountRegistrationTest.accountRegister(TC001_AccountRegistrationTest.java:13)oggger - Starting TC001_AccountRegistrationTest ....
02:21:11.970 [main] INFO  testCases.TC001_AccountRegistrationTest.accountRegister(TC001_AccountRegistrationTest.java:16)oggger - Clicked on Account
02:21:12.896 [main] INFO  testCases.TC001_AccountRegistrationTest.accountRegister(TC001_AccountRegistrationTest.java:18)oggger - Clicked on Register
02:21:13.898 [main] INFO  testCases.TC001_AccountRegistrationTest.accountRegister(TC001_AccountRegistrationTest.java:21)oggger - Write User Details
02:21:16.787 [main] INFO  testCases.TC001_AccountRegistrationTest.accountRegister(TC001_AccountRegistrationTest.java:34)oggger - Validating Expected Message
02:21:16.932 [main] ERROR testCases.TC001_AccountRegistrationTest.accountRegister(TC001_AccountRegistrationTest.java:39)oggger - Test Failed ....
02:21:16.933 [main] DEBUG testCases.TC001_AccountRegistrationTest.accountRegister(TC001_AccountRegistrationTest.java:40)oggger - Debug ...
02:22:11.670 [main] INFO  testCases.TC001_AccountRegistrationTest.accountRegister(TC001_AccountRegistrationTest.java:13)oggger - Starting TC001_AccountRegistrationTest ....
02:22:11.689 [main] INFO  testCases.TC001_AccountRegistrationTest.accountRegister(TC001_AccountRegistrationTest.java:16)oggger - Clicked on Account
02:22:12.044 [main] INFO  testCases.TC001_AccountRegistrationTest.accountRegister(TC001_AccountRegistrationTest.java:18)oggger - Clicked on Register
02:22:13.160 [main] INFO  testCases.TC001_AccountRegistrationTest.accountRegister(TC001_AccountRegistrationTest.java:21)oggger - Write User Details
02:22:15.543 [main] INFO  testCases.TC001_AccountRegistrationTest.accountRegister(TC001_AccountRegistrationTest.java:34)oggger - Validating Expected Message
02:22:15.624 [main] INFO  testCases.TC001_AccountRegistrationTest.accountRegister(TC001_AccountRegistrationTest.java:46)oggger - finished TC001_AccountRegistrationTest ....
02:23:00.744 [main] INFO  testCases.TC001_AccountRegistrationTest.accountRegister(TC001_AccountRegistrationTest.java:13)oggger - Starting TC001_AccountRegistrationTest ....
02:23:00.754 [main] INFO  testCases.TC001_AccountRegistrationTest.accountRegister(TC001_AccountRegistrationTest.java:16)oggger - Clicked on Account
02:23:01.511 [main] INFO  testCases.TC001_AccountRegistrationTest.accountRegister(TC001_AccountRegistrationTest.java:18)oggger - Clicked on Register
02:23:02.545 [main] INFO  testCases.TC001_AccountRegistrationTest.accountRegister(TC001_AccountRegistrationTest.java:21)oggger - Write User Details
02:23:05.704 [main] INFO  testCases.TC001_AccountRegistrationTest.accountRegister(TC001_AccountRegistrationTest.java:34)oggger - Validating Expected Message
02:23:05.812 [main] INFO  testCases.TC001_AccountRegistrationTest.accountRegister(TC001_AccountRegistrationTest.java:46)oggger - finished TC001_AccountRegistrationTest ....
02:24:47.004 [main] INFO  testCases.TC001_AccountRegistrationTest.accountRegister(TC001_AccountRegistrationTest.java:13)oggger - Starting TC001_AccountRegistrationTest ....
02:24:47.014 [main] INFO  testCases.TC001_AccountRegistrationTest.accountRegister(TC001_AccountRegistrationTest.java:16)oggger - Clicked on Account
02:24:48.254 [main] INFO  testCases.TC001_AccountRegistrationTest.accountRegister(TC001_AccountRegistrationTest.java:18)oggger - Clicked on Register
02:24:49.174 [main] INFO  testCases.TC001_AccountRegistrationTest.accountRegister(TC001_AccountRegistrationTest.java:21)oggger - Write User Details
02:24:51.533 [main] INFO  testCases.TC001_AccountRegistrationTest.accountRegister(TC001_AccountRegistrationTest.java:34)oggger - Validating Expected Message
02:24:51.630 [main] INFO  testCases.TC001_AccountRegistrationTest.accountRegister(TC001_AccountRegistrationTest.java:46)oggger - finished TC001_AccountRegistrationTest ....
02:25:58.421 [main] INFO  testCases.TC001_AccountRegistrationTest.accountRegister(TC001_AccountRegistrationTest.java:13)oggger - Starting TC001_AccountRegistrationTest ....
02:25:58.431 [main] INFO  testCases.TC001_AccountRegistrationTest.accountRegister(TC001_AccountRegistrationTest.java:16)oggger - Clicked on Account
02:25:59.072 [main] INFO  testCases.TC001_AccountRegistrationTest.accountRegister(TC001_AccountRegistrationTest.java:18)oggger - Clicked on Register
02:25:59.857 [main] INFO  testCases.TC001_AccountRegistrationTest.accountRegister(TC001_AccountRegistrationTest.java:21)oggger - Write User Details
02:26:02.530 [main] INFO  testCases.TC001_AccountRegistrationTest.accountRegister(TC001_AccountRegistrationTest.java:34)oggger - Validating Expected Message
02:26:02.620 [main] INFO  testCases.TC001_AccountRegistrationTest.accountRegister(TC001_AccountRegistrationTest.java:46)oggger - finished TC001_AccountRegistrationTest ....
